start: s
accept: ac
reject: rj
blank: _
s 1 -> s 1 >
s 3 -> s 3 >
s 0 -> s 0 >
s 2 -> s 2 >
s + -> s + >
s _ -> r _ <
r + -> cl _ <
r 0 -> r0 _ <
r 1 -> r1 _ <
cl 2 -> cl 0 <
cl 3 -> cl 1 <
cl 0 -> cl 0 <
cl 1 -> cl 1 <
cl _ -> ac _ >
r0 1 -> r0 1 <
r0 0 -> r0 0 <
r0 + -> r00 + <
r00 2 -> r00 2 <
r00 3 -> r00 3 <
r00 0 -> s 2 >
r00 1 -> s 3 >
r00 _ -> s 2 >
r1 0 -> r1 0 <
r1 1 -> r1 1 <
r1 + -> r11 + <
r11 2 -> r11 2 <
r11 3 -> r11 3 <
r11 0 -> s 3 >
r11 1 -> r12 2 <
r11 _ -> s 3 >
r12 0 -> s 1 > 
r12 1 -> r12 0 <
r12 _ -> s 1 >
